2025-08-24T18:40:28.245+05:30  INFO 18732 --- [AUDIOBOOK-SERVICE] [main] c.a.A.AudiobookMsApplication             : Starting AudiobookMsApplication using Java 21.0.6 with PID 18732 (C:\Users\zeeld\Downloads\p3\AudiobookService\target\classes started by zeeld in C:\Users\zeeld\Downloads\p3\AudiobookService)
2025-08-24T18:40:28.262+05:30  INFO 18732 --- [AUDIOBOOK-SERVICE] [main] c.a.A.AudiobookMsApplication             : No active profile set, falling back to 1 default profile: "default"
2025-08-24T18:40:38.605+05:30  INFO 18732 --- [AUDIOBOOK-SERVICE] [main] c.a.A.AudiobookMsApplication             : Started AudiobookMsApplication in 11.115 seconds (process running for 12.548)
2025-08-24T18:47:49.085+05:30  INFO 18732 --- [AUDIOBOOK-SERVICE] [http-nio-8083-exec-1] c.a.AudiobookService.aop.LoggingAspect   : 🔍 [BEFORE] Method called: getAllAudioBooks | Args: []
2025-08-24T18:47:49.470+05:30  INFO 18732 --- [AUDIOBOOK-SERVICE] [http-nio-8083-exec-1] c.a.AudiobookService.aop.LoggingAspect   : ✅ [AFTER] Method completed: getAllAudioBooks | Result: [AudioBookDTO{bookId=1, title='The Alchemist', author='Paulo Coelho', narrator='Jeremy Irons', time=240, price=9.99, release_date='1988-04-01', language='English', stars=4.8, ratings=15000, audioData=length=266103 bytes}, AudioBookDTO{bookId=2, title='Madhushala', author='Harivansh Rai Bachchan', narrator='Amitabh Bachchan', time=360, price=149.99, release_date='1935-01-01', language='Hindi', stars=4.8, ratings=75000, audioData=length=3053471 bytes}, AudioBookDTO{bookId=3, title='Shriman Yogi', author='Ranjit Desai', narrator='Nana Patekar', time=840, price=189.99, release_date='1967-01-01', language='Marathi', stars=4.9, ratings=80000, audioData=null}, AudioBookDTO{bookId=4, title='Atomic Habits', author='James Clear', narrator='James Clear', time=320, price=350.0, release_date='2022-11-01', language='English', stars=4.8, ratings=25000, audioData=null}]
2025-08-24T19:17:01.986+05:30  INFO 18732 --- [AUDIOBOOK-SERVICE] [http-nio-8083-exec-3] c.a.AudiobookService.aop.LoggingAspect   : 🔍 [BEFORE] Method called: getAllAudioBooks | Args: []
2025-08-24T19:17:02.132+05:30  INFO 18732 --- [AUDIOBOOK-SERVICE] [http-nio-8083-exec-3] c.a.AudiobookService.aop.LoggingAspect   : ✅ [AFTER] Method completed: getAllAudioBooks | Result: [AudioBookDTO{bookId=1, title='The Alchemist', author='Paulo Coelho', narrator='Jeremy Irons', time=240, price=9.99, release_date='1988-04-01', language='English', stars=4.8, ratings=15000, audioData=length=266103 bytes}, AudioBookDTO{bookId=2, title='Madhushala', author='Harivansh Rai Bachchan', narrator='Amitabh Bachchan', time=360, price=149.99, release_date='1935-01-01', language='Hindi', stars=4.8, ratings=75000, audioData=length=3053471 bytes}, AudioBookDTO{bookId=3, title='Shriman Yogi', author='Ranjit Desai', narrator='Nana Patekar', time=840, price=189.99, release_date='1967-01-01', language='Marathi', stars=4.9, ratings=80000, audioData=null}, AudioBookDTO{bookId=4, title='Atomic Habits', author='James Clear', narrator='James Clear', time=320, price=350.0, release_date='2022-11-01', language='English', stars=4.8, ratings=25000, audioData=null}]
2025-08-24T19:17:02.216+05:30  INFO 18732 --- [AUDIOBOOK-SERVICE] [http-nio-8083-exec-4] c.a.AudiobookService.aop.LoggingAspect   : 🔍 [BEFORE] Method called: getAllAudioBooks | Args: []
2025-08-24T19:17:02.406+05:30  INFO 18732 --- [AUDIOBOOK-SERVICE] [http-nio-8083-exec-4] c.a.AudiobookService.aop.LoggingAspect   : ✅ [AFTER] Method completed: getAllAudioBooks | Result: [AudioBookDTO{bookId=1, title='The Alchemist', author='Paulo Coelho', narrator='Jeremy Irons', time=240, price=9.99, release_date='1988-04-01', language='English', stars=4.8, ratings=15000, audioData=length=266103 bytes}, AudioBookDTO{bookId=2, title='Madhushala', author='Harivansh Rai Bachchan', narrator='Amitabh Bachchan', time=360, price=149.99, release_date='1935-01-01', language='Hindi', stars=4.8, ratings=75000, audioData=length=3053471 bytes}, AudioBookDTO{bookId=3, title='Shriman Yogi', author='Ranjit Desai', narrator='Nana Patekar', time=840, price=189.99, release_date='1967-01-01', language='Marathi', stars=4.9, ratings=80000, audioData=null}, AudioBookDTO{bookId=4, title='Atomic Habits', author='James Clear', narrator='James Clear', time=320, price=350.0, release_date='2022-11-01', language='English', stars=4.8, ratings=25000, audioData=null}]
2025-08-24T19:17:02.902+05:30  INFO 18732 --- [AUDIOBOOK-SERVICE] [http-nio-8083-exec-5] c.a.AudiobookService.aop.LoggingAspect   : 🔍 [BEFORE] Method called: getAudioBookFromId | Args: [[3]]
2025-08-24T19:17:02.964+05:30  INFO 18732 --- [AUDIOBOOK-SERVICE] [http-nio-8083-exec-5] c.a.AudiobookService.aop.LoggingAspect   : ✅ [AFTER] Method completed: getAudioBookFromId | Result: <200 OK OK,[AudioBookDTO{bookId=3, title='Shriman Yogi', author='Ranjit Desai', narrator='Nana Patekar', time=0, price=189.99, release_date='null', language='null', stars=0.0, ratings=0, audioData=null}],[]>
2025-08-24T19:17:03.038+05:30  INFO 18732 --- [AUDIOBOOK-SERVICE] [http-nio-8083-exec-6] c.a.AudiobookService.aop.LoggingAspect   : 🔍 [BEFORE] Method called: getAudioBookFromId | Args: [[3]]
2025-08-24T19:17:03.041+05:30  INFO 18732 --- [AUDIOBOOK-SERVICE] [http-nio-8083-exec-6] c.a.AudiobookService.aop.LoggingAspect   : ✅ [AFTER] Method completed: getAudioBookFromId | Result: <200 OK OK,[AudioBookDTO{bookId=3, title='Shriman Yogi', author='Ranjit Desai', narrator='Nana Patekar', time=0, price=189.99, release_date='null', language='null', stars=0.0, ratings=0, audioData=null}],[]>
2025-08-24T19:17:03.082+05:30  INFO 18732 --- [AUDIOBOOK-SERVICE] [http-nio-8083-exec-7] c.a.AudiobookService.aop.LoggingAspect   : 🔍 [BEFORE] Method called: getAudioBookFromId | Args: [[3]]
2025-08-24T19:17:03.087+05:30  INFO 18732 --- [AUDIOBOOK-SERVICE] [http-nio-8083-exec-7] c.a.AudiobookService.aop.LoggingAspect   : ✅ [AFTER] Method completed: getAudioBookFromId | Result: <200 OK OK,[AudioBookDTO{bookId=3, title='Shriman Yogi', author='Ranjit Desai', narrator='Nana Patekar', time=0, price=189.99, release_date='null', language='null', stars=0.0, ratings=0, audioData=null}],[]>
2025-08-24T19:17:03.131+05:30  INFO 18732 --- [AUDIOBOOK-SERVICE] [http-nio-8083-exec-8] c.a.AudiobookService.aop.LoggingAspect   : 🔍 [BEFORE] Method called: getAudioBookFromId | Args: [[3]]
2025-08-24T19:17:03.135+05:30  INFO 18732 --- [AUDIOBOOK-SERVICE] [http-nio-8083-exec-8] c.a.AudiobookService.aop.LoggingAspect   : ✅ [AFTER] Method completed: getAudioBookFromId | Result: <200 OK OK,[AudioBookDTO{bookId=3, title='Shriman Yogi', author='Ranjit Desai', narrator='Nana Patekar', time=0, price=189.99, release_date='null', language='null', stars=0.0, ratings=0, audioData=null}],[]>
2025-08-24T19:17:03.177+05:30  INFO 18732 --- [AUDIOBOOK-SERVICE] [http-nio-8083-exec-9] c.a.AudiobookService.aop.LoggingAspect   : 🔍 [BEFORE] Method called: getAudioBookFromId | Args: [[3]]
2025-08-24T19:17:03.180+05:30  INFO 18732 --- [AUDIOBOOK-SERVICE] [http-nio-8083-exec-9] c.a.AudiobookService.aop.LoggingAspect   : ✅ [AFTER] Method completed: getAudioBookFromId | Result: <200 OK OK,[AudioBookDTO{bookId=3, title='Shriman Yogi', author='Ranjit Desai', narrator='Nana Patekar', time=0, price=189.99, release_date='null', language='null', stars=0.0, ratings=0, audioData=null}],[]>
2025-08-24T19:17:03.208+05:30  INFO 18732 --- [AUDIOBOOK-SERVICE] [http-nio-8083-exec-10] c.a.AudiobookService.aop.LoggingAspect   : 🔍 [BEFORE] Method called: getAudioBookFromId | Args: [[3]]
2025-08-24T19:17:03.212+05:30  INFO 18732 --- [AUDIOBOOK-SERVICE] [http-nio-8083-exec-10] c.a.AudiobookService.aop.LoggingAspect   : ✅ [AFTER] Method completed: getAudioBookFromId | Result: <200 OK OK,[AudioBookDTO{bookId=3, title='Shriman Yogi', author='Ranjit Desai', narrator='Nana Patekar', time=0, price=189.99, release_date='null', language='null', stars=0.0, ratings=0, audioData=null}],[]>
2025-08-24T19:17:03.238+05:30  INFO 18732 --- [AUDIOBOOK-SERVICE] [http-nio-8083-exec-1] c.a.AudiobookService.aop.LoggingAspect   : 🔍 [BEFORE] Method called: getAudioBookFromId | Args: [[3]]
2025-08-24T19:17:03.241+05:30  INFO 18732 --- [AUDIOBOOK-SERVICE] [http-nio-8083-exec-1] c.a.AudiobookService.aop.LoggingAspect   : ✅ [AFTER] Method completed: getAudioBookFromId | Result: <200 OK OK,[AudioBookDTO{bookId=3, title='Shriman Yogi', author='Ranjit Desai', narrator='Nana Patekar', time=0, price=189.99, release_date='null', language='null', stars=0.0, ratings=0, audioData=null}],[]>
2025-08-24T19:17:03.270+05:30  INFO 18732 --- [AUDIOBOOK-SERVICE] [http-nio-8083-exec-2] c.a.AudiobookService.aop.LoggingAspect   : 🔍 [BEFORE] Method called: getAudioBookFromId | Args: [[3]]
2025-08-24T19:17:03.274+05:30  INFO 18732 --- [AUDIOBOOK-SERVICE] [http-nio-8083-exec-2] c.a.AudiobookService.aop.LoggingAspect   : ✅ [AFTER] Method completed: getAudioBookFromId | Result: <200 OK OK,[AudioBookDTO{bookId=3, title='Shriman Yogi', author='Ranjit Desai', narrator='Nana Patekar', time=0, price=189.99, release_date='null', language='null', stars=0.0, ratings=0, audioData=null}],[]>
2025-08-24T19:17:21.746+05:30  INFO 18732 --- [AUDIOBOOK-SERVICE] [http-nio-8083-exec-3] c.a.AudiobookService.aop.LoggingAspect   : 🔍 [BEFORE] Method called: getAudioBookFromId | Args: [[3]]
2025-08-24T19:17:21.752+05:30  INFO 18732 --- [AUDIOBOOK-SERVICE] [http-nio-8083-exec-3] c.a.AudiobookService.aop.LoggingAspect   : ✅ [AFTER] Method completed: getAudioBookFromId | Result: <200 OK OK,[AudioBookDTO{bookId=3, title='Shriman Yogi', author='Ranjit Desai', narrator='Nana Patekar', time=0, price=189.99, release_date='null', language='null', stars=0.0, ratings=0, audioData=null}],[]>
2025-08-24T19:17:21.792+05:30  INFO 18732 --- [AUDIOBOOK-SERVICE] [http-nio-8083-exec-4] c.a.AudiobookService.aop.LoggingAspect   : 🔍 [BEFORE] Method called: getAudioBookFromId | Args: [[3]]
2025-08-24T19:17:21.797+05:30  INFO 18732 --- [AUDIOBOOK-SERVICE] [http-nio-8083-exec-4] c.a.AudiobookService.aop.LoggingAspect   : ✅ [AFTER] Method completed: getAudioBookFromId | Result: <200 OK OK,[AudioBookDTO{bookId=3, title='Shriman Yogi', author='Ranjit Desai', narrator='Nana Patekar', time=0, price=189.99, release_date='null', language='null', stars=0.0, ratings=0, audioData=null}],[]>
2025-08-24T19:17:36.770+05:30  INFO 18732 --- [AUDIOBOOK-SERVICE] [http-nio-8083-exec-5] c.a.AudiobookService.aop.LoggingAspect   : 🔍 [BEFORE] Method called: getAllAudioBooks | Args: []
2025-08-24T19:17:36.900+05:30  INFO 18732 --- [AUDIOBOOK-SERVICE] [http-nio-8083-exec-5] c.a.AudiobookService.aop.LoggingAspect   : ✅ [AFTER] Method completed: getAllAudioBooks | Result: [AudioBookDTO{bookId=1, title='The Alchemist', author='Paulo Coelho', narrator='Jeremy Irons', time=240, price=9.99, release_date='1988-04-01', language='English', stars=4.8, ratings=15000, audioData=length=266103 bytes}, AudioBookDTO{bookId=2, title='Madhushala', author='Harivansh Rai Bachchan', narrator='Amitabh Bachchan', time=360, price=149.99, release_date='1935-01-01', language='Hindi', stars=4.8, ratings=75000, audioData=length=3053471 bytes}, AudioBookDTO{bookId=3, title='Shriman Yogi', author='Ranjit Desai', narrator='Nana Patekar', time=840, price=189.99, release_date='1967-01-01', language='Marathi', stars=4.9, ratings=80000, audioData=null}, AudioBookDTO{bookId=4, title='Atomic Habits', author='James Clear', narrator='James Clear', time=320, price=350.0, release_date='2022-11-01', language='English', stars=4.8, ratings=25000, audioData=null}]
2025-08-24T19:17:36.952+05:30  INFO 18732 --- [AUDIOBOOK-SERVICE] [http-nio-8083-exec-6] c.a.AudiobookService.aop.LoggingAspect   : 🔍 [BEFORE] Method called: getAllAudioBooks | Args: []
2025-08-24T19:17:37.156+05:30  INFO 18732 --- [AUDIOBOOK-SERVICE] [http-nio-8083-exec-6] c.a.AudiobookService.aop.LoggingAspect   : ✅ [AFTER] Method completed: getAllAudioBooks | Result: [AudioBookDTO{bookId=1, title='The Alchemist', author='Paulo Coelho', narrator='Jeremy Irons', time=240, price=9.99, release_date='1988-04-01', language='English', stars=4.8, ratings=15000, audioData=length=266103 bytes}, AudioBookDTO{bookId=2, title='Madhushala', author='Harivansh Rai Bachchan', narrator='Amitabh Bachchan', time=360, price=149.99, release_date='1935-01-01', language='Hindi', stars=4.8, ratings=75000, audioData=length=3053471 bytes}, AudioBookDTO{bookId=3, title='Shriman Yogi', author='Ranjit Desai', narrator='Nana Patekar', time=840, price=189.99, release_date='1967-01-01', language='Marathi', stars=4.9, ratings=80000, audioData=null}, AudioBookDTO{bookId=4, title='Atomic Habits', author='James Clear', narrator='James Clear', time=320, price=350.0, release_date='2022-11-01', language='English', stars=4.8, ratings=25000, audioData=null}]
2025-08-24T19:17:41.193+05:30  INFO 18732 --- [AUDIOBOOK-SERVICE] [http-nio-8083-exec-7] c.a.AudiobookService.aop.LoggingAspect   : 🔍 [BEFORE] Method called: getAudioBookById | Args: [1]
2025-08-24T19:17:41.214+05:30  INFO 18732 --- [AUDIOBOOK-SERVICE] [http-nio-8083-exec-7] c.a.AudiobookService.aop.LoggingAspect   : ✅ [AFTER] Method completed: getAudioBookById | Result: Audiobook(bookId= 1, title= The Alchemist, author= Paulo Coelho, audioData= Audio length: 266103 bytes)
2025-08-24T20:48:50.989+05:30 ERROR 18732 --- [AUDIOBOOK-SERVICE] [RMI TCP Connection(139)-127.0.0.1] com.netflix.discovery.DiscoveryClient    : DiscoveryClient_AUDIOBOOK-SERVICE/Zeel:AUDIOBOOK-SERVICE:8083 - de-registration failedCannot execute request on any known server

com.netflix.discovery.shared.transport.TransportException: Cannot execute request on any known server
	at com.netflix.discovery.shared.transport.decorator.RetryableEurekaHttpClient.execute(RetryableEurekaHttpClient.java:112) ~[eureka-client-2.0.2.jar:2.0.2]
	at com.netflix.discovery.shared.transport.decorator.EurekaHttpClientDecorator.cancel(EurekaHttpClientDecorator.java:71) ~[eureka-client-2.0.2.jar:2.0.2]
	at com.netflix.discovery.shared.transport.decorator.EurekaHttpClientDecorator$2.execute(EurekaHttpClientDecorator.java:74) ~[eureka-client-2.0.2.jar:2.0.2]
	at com.netflix.discovery.shared.transport.decorator.SessionedEurekaHttpClient.execute(SessionedEurekaHttpClient.java:77) ~[eureka-client-2.0.2.jar:2.0.2]
	at com.netflix.discovery.shared.transport.decorator.EurekaHttpClientDecorator.cancel(EurekaHttpClientDecorator.java:71) ~[eureka-client-2.0.2.jar:2.0.2]
	at com.netflix.discovery.DiscoveryClient.unregister(DiscoveryClient.java:916) ~[eureka-client-2.0.2.jar:2.0.2]
	at com.netflix.discovery.DiscoveryClient.shutdown(DiscoveryClient.java:892) ~[eureka-client-2.0.2.jar:2.0.2]
	at java.base/jdk.internal.reflect.DirectMethodHandleAccessor.invoke(DirectMethodHandleAccessor.java:103) ~[na:na]
	at java.base/java.lang.reflect.Method.invoke(Method.java:580) ~[na:na]
	at org.springframework.beans.factory.annotation.InitDestroyAnnotationBeanPostProcessor$LifecycleMethod.invoke(InitDestroyAnnotationBeanPostProcessor.java:457) ~[spring-beans-6.1.6.jar:6.1.6]
	at org.springframework.beans.factory.annotation.InitDestroyAnnotationBeanPostProcessor$LifecycleMetadata.invokeDestroyMethods(InitDestroyAnnotationBeanPostProcessor.java:415) ~[spring-beans-6.1.6.jar:6.1.6]
	at org.springframework.beans.factory.annotation.InitDestroyAnnotationBeanPostProcessor.postProcessBeforeDestruction(InitDestroyAnnotationBeanPostProcessor.java:239) ~[spring-beans-6.1.6.jar:6.1.6]
	at org.springframework.beans.factory.support.DisposableBeanAdapter.destroy(DisposableBeanAdapter.java:202) ~[spring-beans-6.1.6.jar:6.1.6]
	at org.springframework.beans.factory.support.DisposableBeanAdapter.run(DisposableBeanAdapter.java:195) ~[spring-beans-6.1.6.jar:6.1.6]
	at org.springframework.cloud.context.scope.GenericScope$BeanLifecycleWrapper.destroy(GenericScope.java:389) ~[spring-cloud-context-4.1.2.jar:4.1.2]
	at org.springframework.cloud.context.scope.GenericScope.destroy(GenericScope.java:136) ~[spring-cloud-context-4.1.2.jar:4.1.2]
	at org.springframework.beans.factory.support.DisposableBeanAdapter.destroy(DisposableBeanAdapter.java:211) ~[spring-beans-6.1.6.jar:6.1.6]
	at org.springframework.beans.factory.support.DefaultSingletonBeanRegistry.destroyBean(DefaultSingletonBeanRegistry.java:587) ~[spring-beans-6.1.6.jar:6.1.6]
	at org.springframework.beans.factory.support.DefaultSingletonBeanRegistry.destroySingleton(DefaultSingletonBeanRegistry.java:559) ~[spring-beans-6.1.6.jar:6.1.6]
	at org.springframework.beans.factory.support.DefaultListableBeanFactory.destroySingleton(DefaultListableBeanFactory.java:1202) ~[spring-beans-6.1.6.jar:6.1.6]
	at org.springframework.beans.factory.support.DefaultSingletonBeanRegistry.destroySingletons(DefaultSingletonBeanRegistry.java:520) ~[spring-beans-6.1.6.jar:6.1.6]
	at org.springframework.beans.factory.support.DefaultListableBeanFactory.destroySingletons(DefaultListableBeanFactory.java:1195) ~[spring-beans-6.1.6.jar:6.1.6]
	at org.springframework.context.support.AbstractApplicationContext.destroyBeans(AbstractApplicationContext.java:1186) ~[spring-context-6.1.6.jar:6.1.6]
	at org.springframework.context.support.AbstractApplicationContext.doClose(AbstractApplicationContext.java:1147) ~[spring-context-6.1.6.jar:6.1.6]
	at org.springframework.boot.web.servlet.context.ServletWebServerApplicationContext.doClose(ServletWebServerApplicationContext.java:174) ~[spring-boot-3.2.5.jar:3.2.5]
	at org.springframework.context.support.AbstractApplicationContext.close(AbstractApplicationContext.java:1093) ~[spring-context-6.1.6.jar:6.1.6]
	at org.springframework.boot.admin.SpringApplicationAdminMXBeanRegistrar$SpringApplicationAdmin.shutdown(SpringApplicationAdminMXBeanRegistrar.java:160) ~[spring-boot-3.2.5.jar:3.2.5]
	at java.base/jdk.internal.reflect.DirectMethodHandleAccessor.invoke(DirectMethodHandleAccessor.java:103) ~[na:na]
	at java.base/java.lang.reflect.Method.invoke(Method.java:580) ~[na:na]
	at sun.reflect.misc.Trampoline.invoke(MethodUtil.java:64) ~[na:na]
	at java.base/jdk.internal.reflect.DirectMethodHandleAccessor.invoke(DirectMethodHandleAccessor.java:103) ~[na:na]
	at java.base/java.lang.reflect.Method.invoke(Method.java:580) ~[na:na]
	at java.base/sun.reflect.misc.MethodUtil.invoke(MethodUtil.java:97) ~[na:na]
	at java.management/com.sun.jmx.mbeanserver.ConvertingMethod.invokeWithOpenReturn(ConvertingMethod.java:193) ~[na:na]
	at java.management/com.sun.jmx.mbeanserver.ConvertingMethod.invokeWithOpenReturn(ConvertingMethod.java:175) ~[na:na]
	at java.management/com.sun.jmx.mbeanserver.MXBeanIntrospector.invokeM2(MXBeanIntrospector.java:115) ~[na:na]
	at java.management/com.sun.jmx.mbeanserver.MXBeanIntrospector.invokeM2(MXBeanIntrospector.java:52) ~[na:na]
	at java.management/com.sun.jmx.mbeanserver.MBeanIntrospector.invokeM(MBeanIntrospector.java:236) ~[na:na]
	at java.management/com.sun.jmx.mbeanserver.PerInterface.invoke(PerInterface.java:138) ~[na:na]
	at java.management/com.sun.jmx.mbeanserver.MBeanSupport.invoke(MBeanSupport.java:252) ~[na:na]
	at java.management/com.sun.jmx.interceptor.DefaultMBeanServerInterceptor.invoke(DefaultMBeanServerInterceptor.java:803) ~[na:na]
	at java.management/com.sun.jmx.mbeanserver.JmxMBeanServer.invoke(JmxMBeanServer.java:802) ~[na:na]
	at java.management.rmi/javax.management.remote.rmi.RMIConnectionImpl.doOperation(RMIConnectionImpl.java:1472) ~[na:na]
	at java.management.rmi/javax.management.remote.rmi.RMIConnectionImpl$PrivilegedOperation.run(RMIConnectionImpl.java:1310) ~[na:na]
	at java.management.rmi/javax.management.remote.rmi.RMIConnectionImpl.doPrivilegedOperation(RMIConnectionImpl.java:1405) ~[na:na]
	at java.management.rmi/javax.management.remote.rmi.RMIConnectionImpl.invoke(RMIConnectionImpl.java:829) ~[na:na]
	at java.base/jdk.internal.reflect.DirectMethodHandleAccessor.invoke(DirectMethodHandleAccessor.java:103) ~[na:na]
	at java.base/java.lang.reflect.Method.invoke(Method.java:580) ~[na:na]
	at java.rmi/sun.rmi.server.UnicastServerRef.dispatch(UnicastServerRef.java:360) ~[na:na]
	at java.rmi/sun.rmi.transport.Transport$1.run(Transport.java:200) ~[na:na]
	at java.rmi/sun.rmi.transport.Transport$1.run(Transport.java:197) ~[na:na]
	at java.base/java.security.AccessController.doPrivileged(AccessController.java:714) ~[na:na]
	at java.rmi/sun.rmi.transport.Transport.serviceCall(Transport.java:196) ~[na:na]
	at java.rmi/sun.rmi.transport.tcp.TCPTransport.handleMessages(TCPTransport.java:598) ~[na:na]
	at java.rmi/sun.rmi.transport.tcp.TCPTransport$ConnectionHandler.run0(TCPTransport.java:844) ~[na:na]
	at java.rmi/sun.rmi.transport.tcp.TCPTransport$ConnectionHandler.lambda$run$0(TCPTransport.java:721) ~[na:na]
	at java.base/java.security.AccessController.doPrivileged(AccessController.java:400) ~[na:na]
	at java.rmi/sun.rmi.transport.tcp.TCPTransport$ConnectionHandler.run(TCPTransport.java:720) ~[na:na]
	at java.base/java.util.concurrent.ThreadPoolExecutor.runWorker(ThreadPoolExecutor.java:1144) ~[na:na]
	at java.base/java.util.concurrent.ThreadPoolExecutor$Worker.run(ThreadPoolExecutor.java:642) ~[na:na]
	at java.base/java.lang.Thread.run(Thread.java:1583) ~[na:na]

